<?xml version="1.0" encoding="UTF-8"?>
<!-- Generated by org.testng.reporters.JUnitReportReporter -->
<testsuite hostname="DESKTOP-F7RQNE7" failures="0" tests="1" name="scripts.Testcase1" time="10.514" errors="0" timestamp="2022-07-30T09:59:49 IST" skipped="0">
  <testcase classname="scripts.Testcase1" name="tc1" time="10.514"/>
  <system-out/>
</testsuite> <!-- scripts.Testcase1 -->
