<?xml version="1.0" encoding="UTF-8"?>
<!-- Generated by org.testng.reporters.JUnitReportReporter -->
<testsuite hostname="DESKTOP-F7RQNE7" failures="0" tests="1" name="scripts.Testcase2" time="19.548" errors="0" timestamp="2022-07-30T18:45:56 IST" skipped="0">
  <testcase classname="scripts.Testcase2" name="tc2" time="19.548"/>
  <system-out/>
</testsuite> <!-- scripts.Testcase2 -->
